d:\qtprojection\fanwu-2024-02-20-thread\qtguiapplication2\x64\debug\vc142.pdb
d:\qtprojection\fanwu-2024-02-20-thread\qtguiapplication2\x64\debug\moc_qtguidemo.obj
d:\qtprojection\fanwu-2024-02-20-thread\qtguiapplication2\x64\debug\mylogger.obj
d:\qtprojection\fanwu-2024-02-20-thread\qtguiapplication2\x64\debug\senddata.obj
d:\qtprojection\fanwu-2024-02-20-thread\qtguiapplication2\x64\debug\main.obj
d:\qtprojection\fanwu-2024-02-20-thread\qtguiapplication2\x64\debug\qtguidemo.obj
d:\qtprojection\fanwu-2024-02-20-thread\qtguiapplication2\x64\debug\qrc_qtguidemo.obj
d:\qtprojection\fanwu-2024-02-20-thread\qtguiapplication2\x64\debug\moc_mylogger.obj
d:\qtprojection\fanwu-2024-02-20-thread\qtguiapplication2\x64\debug\moc_senddata.obj
d:\qtprojection\fanwu-2024-02-20-thread\x64\debug\qtguiapplication2.exe
d:\qtprojection\fanwu-2024-02-20-thread\x64\debug\qtguiapplication2.ilk
d:\qtprojection\fanwu-2024-02-20-thread\x64\debug\qtguiapplication2.pdb
d:\qtprojection\fanwu-2024-02-20-thread\qtguiapplication2\x64\debug\\moc\moc_qtguidemo.cpp
d:\qtprojection\fanwu-2024-02-20-thread\qtguiapplication2\x64\debug\\moc\moc_mylogger.cpp
d:\qtprojection\fanwu-2024-02-20-thread\qtguiapplication2\x64\debug\\moc\moc_senddata.cpp
d:\qtprojection\fanwu-2024-02-20-thread\qtguiapplication2\x64\debug\uic\ui_qtguidemo.h
d:\qtprojection\fanwu-2024-02-20-thread\qtguiapplication2\x64\debug\rcc\qrc_qtguidemo.cpp
d:\qtprojection\fanwu-2024-02-20-thread\qtguiapplication2\x64\debug\moc\moc_qtguidemo.cpp
d:\qtprojection\fanwu-2024-02-20-thread\qtguiapplication2\x64\debug\moc\moc_mylogger.cpp
d:\qtprojection\fanwu-2024-02-20-thread\qtguiapplication2\x64\debug\moc\moc_senddata.cpp
d:\qtprojection\fanwu-2024-02-20-thread\qtguiapplication2\x64\debug\qtguiapplication2.res
d:\qtprojection\fanwu-2024-02-20-thread\qtguiapplication2\x64\debug\\rcc\qrc_qtguidemo.cpp
d:\qtprojection\fanwu-2024-02-20-thread\qtguiapplication2\x64\debug\\uic\./ui_qtguidemo.h
d:\qtprojection\fanwu-2024-02-20-thread\qtguiapplication2\x64\debug\qtguiapp.9364ab1f.tlog\cl.command.1.tlog
d:\qtprojection\fanwu-2024-02-20-thread\qtguiapplication2\x64\debug\qtguiapp.9364ab1f.tlog\cl.read.1.tlog
d:\qtprojection\fanwu-2024-02-20-thread\qtguiapplication2\x64\debug\qtguiapp.9364ab1f.tlog\cl.write.1.tlog
d:\qtprojection\fanwu-2024-02-20-thread\qtguiapplication2\x64\debug\qtguiapp.9364ab1f.tlog\link.command.1.tlog
d:\qtprojection\fanwu-2024-02-20-thread\qtguiapplication2\x64\debug\qtguiapp.9364ab1f.tlog\link.read.1.tlog
d:\qtprojection\fanwu-2024-02-20-thread\qtguiapplication2\x64\debug\qtguiapp.9364ab1f.tlog\link.write.1.tlog
d:\qtprojection\fanwu-2024-02-20-thread\qtguiapplication2\x64\debug\qtguiapp.9364ab1f.tlog\moc.read.1u.tlog
d:\qtprojection\fanwu-2024-02-20-thread\qtguiapplication2\x64\debug\qtguiapp.9364ab1f.tlog\moc.write.1u.tlog
d:\qtprojection\fanwu-2024-02-20-thread\qtguiapplication2\x64\debug\qtguiapp.9364ab1f.tlog\qtguiapplication2.write.1u.tlog
d:\qtprojection\fanwu-2024-02-20-thread\qtguiapplication2\x64\debug\qtguiapp.9364ab1f.tlog\rc.command.1.tlog
d:\qtprojection\fanwu-2024-02-20-thread\qtguiapplication2\x64\debug\qtguiapp.9364ab1f.tlog\rc.read.1.tlog
d:\qtprojection\fanwu-2024-02-20-thread\qtguiapplication2\x64\debug\qtguiapp.9364ab1f.tlog\rc.write.1.tlog
d:\qtprojection\fanwu-2024-02-20-thread\qtguiapplication2\x64\debug\qtguiapp.9364ab1f.tlog\rcc.read.1u.tlog
d:\qtprojection\fanwu-2024-02-20-thread\qtguiapplication2\x64\debug\qtguiapp.9364ab1f.tlog\rcc.write.1u.tlog
d:\qtprojection\fanwu-2024-02-20-thread\qtguiapplication2\x64\debug\qtguiapp.9364ab1f.tlog\uic.read.1u.tlog
d:\qtprojection\fanwu-2024-02-20-thread\qtguiapplication2\x64\debug\qtguiapp.9364ab1f.tlog\uic.write.1u.tlog
